<?xml version="1.0" encoding="UTF-8"?>
<!-- Generated by org.testng.reporters.JUnitXMLReporter -->
<testsuite ignored="0" hostname="DESKTOP-DL3I60O" failures="0" tests="1" name="coverfoxtestng.xml" time="14.636" errors="0" timestamp="2025-05-03T15:28:04 IST">
  <testcase classname="com.Coverfox_test.CoverFoxUsingTestNG" name="@BeforeClass launchbrowser" time="14.423">
    <failure type="java.io.FileNotFoundException" message="C:\Users\shind\eclipse-workspace\morning24\src\main\resources\TestData\propertiesfile (Access is denied)">
      <![CDATA[java.io.FileNotFoundException: C:\Users\shind\eclipse-workspace\morning24\src\main\resources\TestData\propertiesfile (Access is denied)
at java.base/java.io.FileInputStream.open0(Native Method)
at java.base/java.io.FileInputStream.open(FileInputStream.java:213)
at java.base/java.io.FileInputStream.<init>(FileInputStream.java:152)
at java.base/java.io.FileInputStream.<init>(FileInputStream.java:106)
at com.Coverfox_Utility.Utility.readDataFromPropertiesFile(Utility.java:54)
at com.Coverfox_Base.Base.openBrowser(Base.java:25)
at com.Coverfox_test.CoverFoxUsingTestNG.launchbrowser(CoverFoxUsingTestNG.java:51)
at java.base/java.util.ArrayList.forEach(ArrayList.java:1597)
... Removed 23 stack frames]]>
    </failure>
  </testcase> <!-- @BeforeClass launchbrowser -->
  <testcase classname="com.Coverfox_test.CoverFoxUsingTestNG" name="@BeforeMethod coverfoxpreconditions" time="-1.746266284446E9">
    <skipped/>
  </testcase> <!-- @BeforeMethod coverfoxpreconditions -->
  <testcase classname="com.Coverfox_test.CoverFoxUsingTestNG" name="@AfterClass closebrowser" time="-1.746266284492E9">
    <skipped/>
  </testcase> <!-- @AfterClass closebrowser -->
  <testcase classname="com.Coverfox_test.CoverFoxUsingTestNG" name="ValidateCoverfoxplan" time="0.0">
    <skipped/>
  </testcase> <!-- ValidateCoverfoxplan -->
</testsuite> <!-- coverfoxtestng.xml -->
