<?xml version="1.0" encoding="UTF-8"?>
<testng-results ignored="0" total="1" passed="1" failed="0" skipped="0">
  <reporter-output>
  </reporter-output>
  <suite started-at="2025-04-30T20:16:15 IST" name="Surefire suite" finished-at="2025-04-30T20:16:23 IST" duration-ms="8635">
    <groups>
    </groups>
    <test started-at="2025-04-30T20:16:15 IST" name="Surefire test" finished-at="2025-04-30T20:16:23 IST" duration-ms="8635">
      <class name="sample.NewTest">
        <test-method signature="f()[pri:0, instance:sample.NewTest@5dd6264]" started-at="2025-04-30T20:16:15 IST" name="f" finished-at="2025-04-30T20:16:23 IST" duration-ms="8547" status="PASS">
          <reporter-output>
          </reporter-output>
        </test-method> <!-- f -->
      </class> <!-- sample.NewTest -->
    </test> <!-- Surefire test -->
  </suite> <!-- Surefire suite -->
</testng-results>
